SF:lib/app/services/auth.dart
DA:19,0
DA:20,0
DA:22,0
DA:23,0
DA:26,0
DA:27,0
DA:28,0
DA:31,0
DA:33,0
DA:34,0
DA:36,0
DA:39,0
DA:41,0
DA:45,0
DA:49,0
DA:50,0
DA:51,0
DA:53,0
DA:54,0
DA:55,0
DA:56,0
DA:57,0
DA:58,0
DA:60,0
DA:62,0
DA:68,0
DA:76,0
DA:77,0
DA:78,0
DA:82,0
DA:83,0
DA:84,0
DA:85,0
DA:86,0
DA:88,0
DA:89,0
DA:90,0
DA:94,0
DA:95,0
DA:97,0
DA:100,0
DA:105,0
DA:106,0
DA:107,0
DA:108,0
DA:109,0
DA:110,0
LF:47
LH:0
end_of_record
SF:lib/app/sign_in/email_sign_in_form_stateful.dart
DA:12,1
DA:14,1
DA:23,3
DA:24,3
DA:30,1
DA:32,2
DA:33,2
DA:34,2
DA:35,2
DA:36,1
DA:39,1
DA:40,2
DA:41,1
DA:42,1
DA:45,2
DA:46,2
DA:47,3
DA:49,3
DA:51,0
DA:52,1
DA:53,0
DA:54,0
DA:59,2
DA:60,1
DA:65,0
DA:67,0
DA:68,0
DA:69,0
DA:70,0
DA:73,1
DA:74,2
DA:75,1
DA:76,3
DA:80,2
DA:81,2
DA:84,1
DA:85,2
DA:88,2
DA:92,4
DA:93,4
DA:94,1
DA:96,1
DA:97,1
DA:101,1
DA:105,1
DA:106,1
DA:112,1
DA:113,2
DA:114,1
DA:122,1
DA:124,1
DA:125,1
DA:126,1
DA:127,1
DA:128,1
DA:129,1
DA:131,0
DA:132,2
DA:136,2
DA:137,1
DA:141,1
DA:142,1
DA:143,1
DA:144,1
DA:145,1
DA:146,1
DA:147,1
DA:150,0
DA:151,2
DA:156,2
DA:157,1
DA:161,1
DA:163,1
DA:165,1
DA:168,1
DA:173,1
DA:174,2
LF:77
LH:67
end_of_record
SF:lib/app/sign_in/validator.dart
DA:6,1
DA:11,1
LF:2
LH:2
end_of_record
SF:lib/common_widgets/custom_elevated_button.dart
DA:4,1
DA:18,1
DA:20,1
DA:21,1
DA:22,1
DA:23,1
DA:24,1
DA:25,1
DA:26,1
DA:27,1
DA:28,0
DA:29,1
DA:30,2
DA:32,1
DA:34,1
DA:35,2
DA:36,2
DA:39,1
LF:18
LH:17
end_of_record
SF:lib/app/sign_in/email_sign_in_model.dart
DA:3,1
DA:6,0
DA:20,0
DA:21,0
DA:26,0
DA:27,0
DA:32,0
DA:33,0
DA:34,0
DA:35,0
DA:38,0
DA:39,0
DA:40,0
DA:43,0
DA:44,0
DA:45,0
DA:48,0
DA:55,0
DA:56,0
DA:58,0
DA:60,0
DA:62,0
DA:64,0
LF:23
LH:1
end_of_record
SF:lib/common_widgets/form_submit_button.dart
DA:5,1
DA:8,1
DA:9,1
LF:3
LH:3
end_of_record
SF:lib/common_widgets/show_exception_alert_dialog.dart
DA:5,0
DA:10,0
DA:13,0
DA:17,0
DA:18,0
DA:19,0
DA:21,0
LF:7
LH:0
end_of_record
SF:lib/common_widgets/show_alert_dialog.dart
DA:6,0
DA:13,0
DA:14,0
DA:16,0
DA:17,0
DA:18,0
DA:19,0
DA:21,0
DA:22,0
DA:23,0
DA:25,0
DA:26,0
DA:27,0
DA:33,0
DA:35,0
DA:36,0
DA:37,0
DA:38,0
DA:40,0
DA:41,0
DA:42,0
DA:44,0
DA:45,0
DA:46,0
LF:24
LH:0
end_of_record
